<?xml version="1.0" encoding="UTF-8" ?>
<testsuite tests="24" failures="0" name="com.roytuts.cucumber.CalculatorTest" time="0.001" errors="0" skipped="0">
  <properties>
    <property name="java.runtime.name" value="Java(TM) SE Runtime Environment"/>
    <property name="sun.boot.library.path" value="C:\Program Files\Java\jdk1.8.0_221\jre\bin"/>
    <property name="java.vm.version" value="25.221-b11"/>
    <property name="java.vm.vendor" value="Oracle Corporation"/>
    <property name="maven.multiModuleProjectDirectory" value="C:\Users\NDIVHUVINCE\Desktop\Cucumber_Project"/>
    <property name="java.vendor.url" value="http://java.oracle.com/"/>
    <property name="path.separator" value=";"/>
    <property name="guice.disable.misplaced.annotation.check" value="true"/>
    <property name="java.vm.name" value="Java HotSpot(TM) 64-Bit Server VM"/>
    <property name="file.encoding.pkg" value="sun.io"/>
    <property name="user.script" value=""/>
    <property name="user.country" value="ZA"/>
    <property name="sun.java.launcher" value="SUN_STANDARD"/>
    <property name="sun.os.patch.level" value=""/>
    <property name="java.vm.specification.name" value="Java Virtual Machine Specification"/>
    <property name="user.dir" value="C:\Users\NDIVHUVINCE\Desktop\Cucumber_Project"/>
    <property name="java.runtime.version" value="1.8.0_221-b11"/>
    <property name="java.awt.graphicsenv" value="sun.awt.Win32GraphicsEnvironment"/>
    <property name="java.endorsed.dirs" value="C:\Program Files\Java\jdk1.8.0_221\jre\lib\endorsed"/>
    <property name="os.arch" value="amd64"/>
    <property name="java.io.tmpdir" value="C:\Users\NDIVHU~1\AppData\Local\Temp\"/>
    <property name="line.separator" value="
"/>
    <property name="java.vm.specification.vendor" value="Oracle Corporation"/>
    <property name="user.variant" value=""/>
    <property name="os.name" value="Windows 10"/>
    <property name="classworlds.conf" value="C:\Program Files\apache-maven-3.6.1\bin\..\bin\m2.conf"/>
    <property name="sun.jnu.encoding" value="Cp1252"/>
    <property name="java.library.path" value="C:\Program Files\Java\jdk1.8.0_221\bin;C:\Windows\Sun\Java\bin;C:\Windows\system32;C:\Windows;C:\Program Files (x86)\Common Files\Oracle\Java\javapath;C:\Windows\system32;C:\Windows;C:\Windows\System32\Wbem;C:\Windows\System32\WindowsPowerShell\v1.0\;C:\Windows\System32\OpenSSH\;C:\Program Files\Java\jdk1.8.0_221\bin;C:\Program Files\Git\cmd;C:\Program Files\apache-maven-3.6.1\bin;C:\Program Files (x86)\Intel\Intel(R) Management Engine Components\DAL;C:\Program Files\Intel\Intel(R) Management Engine Components\DAL;C:\Program Files\PuTTY\;C:\Android\android-sdk\emulator;C:\Android\android-sdk\tools;C:\Android\android-sdk\platform-tools;C:\Program Files\gradle-5.6.2\bin;C:\Program Files\nodejs\;C:\Program Files\MySQL\MySQL Shell 8.0\bin\;C:\Users\NDIVHUVINCE\AppData\Roaming\npm;."/>
    <property name="maven.conf" value="C:\Program Files\apache-maven-3.6.1\bin\../conf"/>
    <property name="java.specification.name" value="Java Platform API Specification"/>
    <property name="java.class.version" value="52.0"/>
    <property name="sun.management.compiler" value="HotSpot 64-Bit Tiered Compilers"/>
    <property name="os.version" value="10.0"/>
    <property name="library.jansi.path" value="C:\Program Files\apache-maven-3.6.1\bin\..\lib\jansi-native"/>
    <property name="user.home" value="C:\Users\NDIVHUVINCE"/>
    <property name="user.timezone" value="Africa/Harare"/>
    <property name="java.awt.printerjob" value="sun.awt.windows.WPrinterJob"/>
    <property name="java.specification.version" value="1.8"/>
    <property name="file.encoding" value="Cp1252"/>
    <property name="user.name" value="NDIVHUVINCE"/>
    <property name="java.class.path" value="C:\Program Files\apache-maven-3.6.1\bin\..\boot\plexus-classworlds-2.6.0.jar"/>
    <property name="java.vm.specification.version" value="1.8"/>
    <property name="sun.arch.data.model" value="64"/>
    <property name="java.home" value="C:\Program Files\Java\jdk1.8.0_221\jre"/>
    <property name="sun.java.command" value="org.codehaus.plexus.classworlds.launcher.Launcher clean install"/>
    <property name="java.specification.vendor" value="Oracle Corporation"/>
    <property name="user.language" value="en"/>
    <property name="awt.toolkit" value="sun.awt.windows.WToolkit"/>
    <property name="java.vm.info" value="mixed mode"/>
    <property name="java.version" value="1.8.0_221"/>
    <property name="java.ext.dirs" value="C:\Program Files\Java\jdk1.8.0_221\jre\lib\ext;C:\Windows\Sun\Java\lib\ext"/>
    <property name="sun.boot.class.path" value="C:\Program Files\Java\jdk1.8.0_221\jre\lib\resources.jar;C:\Program Files\Java\jdk1.8.0_221\jre\lib\rt.jar;C:\Program Files\Java\jdk1.8.0_221\jre\lib\sunrsasign.jar;C:\Program Files\Java\jdk1.8.0_221\jre\lib\jsse.jar;C:\Program Files\Java\jdk1.8.0_221\jre\lib\jce.jar;C:\Program Files\Java\jdk1.8.0_221\jre\lib\charsets.jar;C:\Program Files\Java\jdk1.8.0_221\jre\lib\jfr.jar;C:\Program Files\Java\jdk1.8.0_221\jre\classes"/>
    <property name="sun.stderr.encoding" value="cp437"/>
    <property name="java.vendor" value="Oracle Corporation"/>
    <property name="maven.home" value="C:\Program Files\apache-maven-3.6.1\bin\.."/>
    <property name="file.separator" value="\"/>
    <property name="java.vendor.url.bug" value="http://bugreport.sun.com/bugreport/"/>
    <property name="sun.cpu.endian" value="little"/>
    <property name="sun.io.unicode.encoding" value="UnicodeLittle"/>
    <property name="sun.stdout.encoding" value="cp437"/>
    <property name="sun.desktop" value="windows"/>
    <property name="sun.cpu.isalist" value="amd64"/>
  </properties>
  <testcase classname="Scenario: Add two numbers -2 &amp; 3" name="Given I have a calculator" time="0.001"/>
  <testcase classname="Scenario: Add two numbers -2 &amp; 3" name="When I add -2 and 3" time="0"/>
  <testcase classname="Scenario: Add two numbers -2 &amp; 3" name="Then the result should be 1" time="0"/>
  <testcase classname="Scenario: Add two numbers -2 &amp; 3" name="Scenario: Add two numbers -2 &amp; 3" time="0"/>
  <testcase classname="Scenario: Add two numbers 10 &amp; 15" name="Given I have a calculator" time="0"/>
  <testcase classname="Scenario: Add two numbers 10 &amp; 15" name="When I add 10 and 15" time="0"/>
  <testcase classname="Scenario: Add two numbers 10 &amp; 15" name="Then the result should be 25" time="0"/>
  <testcase classname="Scenario: Add two numbers 10 &amp; 15" name="Scenario: Add two numbers 10 &amp; 15" time="0"/>
  <testcase classname="| 1 | 49 | 50 |" name="Given I have a calculator" time="0"/>
  <testcase classname="| 1 | 49 | 50 |" name="When I add 1 and 49" time="0"/>
  <testcase classname="| 1 | 49 | 50 |" name="Then the result should be 50" time="0"/>
  <testcase classname="| 1 | 49 | 50 |" name="| 1 | 49 | 50 |" time="0"/>
  <testcase classname="| 3 | 77 | 80 |" name="Given I have a calculator" time="0"/>
  <testcase classname="| 3 | 77 | 80 |" name="When I add 3 and 77" time="0"/>
  <testcase classname="| 3 | 77 | 80 |" name="Then the result should be 80" time="0"/>
  <testcase classname="| 3 | 77 | 80 |" name="| 3 | 77 | 80 |" time="0"/>
  <testcase classname="| 4 | 66 | 70 |" name="Given I have a calculator" time="0"/>
  <testcase classname="| 4 | 66 | 70 |" name="When I add 4 and 66" time="0"/>
  <testcase classname="| 4 | 66 | 70 |" name="Then the result should be 70" time="0"/>
  <testcase classname="| 4 | 66 | 70 |" name="| 4 | 66 | 70 |" time="0"/>
  <testcase classname="| 0 | 90 | 90 |" name="Given I have a calculator" time="0"/>
  <testcase classname="| 0 | 90 | 90 |" name="When I add 0 and 90" time="0"/>
  <testcase classname="| 0 | 90 | 90 |" name="Then the result should be 90" time="0"/>
  <testcase classname="| 0 | 90 | 90 |" name="| 0 | 90 | 90 |" time="0"/>
</testsuite>